Conversion Warnings Log


MSG_ID: 256 	MSG_TYPE: S 	MSG_NAME: Slave_01_Voltage_ID_1
	SIG_NAME: cell_voltage_1, STATUS: Invalid Max or Min value., ACTION: Value Set to default
	SIG_NAME: cell_voltage_2, STATUS: Invalid Max or Min value., ACTION: Value Set to default
	SIG_NAME: cell_voltage_3, STATUS: Invalid Max or Min value., ACTION: Value Set to default
	SIG_NAME: cell_voltage_4, STATUS: Invalid Max or Min value., ACTION: Value Set to default

MSG_ID: 257 	MSG_TYPE: S 	MSG_NAME: Slave_01_Voltage_ID_2
	SIG_NAME: cell_voltage_5, STATUS: Invalid Max or Min value., ACTION: Value Set to default
	SIG_NAME: cell_voltage_6, STATUS: Invalid Max or Min value., ACTION: Value Set to default
	SIG_NAME: cell_voltage_7, STATUS: Invalid Max or Min value., ACTION: Value Set to default
	SIG_NAME: cell_voltage_8, STATUS: Invalid Max or Min value., ACTION: Value Set to default

MSG_ID: 258 	MSG_TYPE: S 	MSG_NAME: Slave_01_Voltage_ID_3
	SIG_NAME: cell_voltage_9, STATUS: Invalid Max or Min value., ACTION: Value Set to default
	SIG_NAME: cell_voltage_10, STATUS: Invalid Max or Min value., ACTION: Value Set to default
	SIG_NAME: cell_voltage_11, STATUS: Invalid Max or Min value., ACTION: Value Set to default
	SIG_NAME: cell_voltage_12, STATUS: Invalid Max or Min value., ACTION: Value Set to default

MSG_ID: 259 	MSG_TYPE: S 	MSG_NAME: Slave_01_Temperature_ID_1
	SIG_NAME: temperature_value_1, STATUS: Invalid Max or Min value., ACTION: Value Set to default
	SIG_NAME: temperature_value_2, STATUS: Invalid Max or Min value., ACTION: Value Set to default
	SIG_NAME: temperature_value_3, STATUS: Invalid Max or Min value., ACTION: Value Set to default
	SIG_NAME: temperature_value_4, STATUS: Invalid Max or Min value., ACTION: Value Set to default

MSG_ID: 260 	MSG_TYPE: S 	MSG_NAME: Slave_01_Temperature_ID_2
	SIG_NAME: temperature_value_5, STATUS: Invalid Max or Min value., ACTION: Value Set to default
	SIG_NAME: temperature_value_6, STATUS: Invalid Max or Min value., ACTION: Value Set to default
	SIG_NAME: temperature_value_7, STATUS: Invalid Max or Min value., ACTION: Value Set to default
	SIG_NAME: temperature_value_8, STATUS: Invalid Max or Min value., ACTION: Value Set to default

MSG_ID: 261 	MSG_TYPE: S 	MSG_NAME: Slave_01_Temperature_ID_3
	SIG_NAME: temperature_value_9, STATUS: Invalid Max or Min value., ACTION: Value Set to default
	SIG_NAME: temperature_value_10, STATUS: Invalid Max or Min value., ACTION: Value Set to default
	SIG_NAME: temperature_value_11, STATUS: Invalid Max or Min value., ACTION: Value Set to default
	SIG_NAME: temperature_value_12, STATUS: Invalid Max or Min value., ACTION: Value Set to default

MSG_ID: 262 	MSG_TYPE: S 	MSG_NAME: Slave_01_MSC_ID_1
	SIG_NAME: module_voltage_sum, STATUS: Invalid Max or Min value., ACTION: Value Set to default
	SIG_NAME: module_voltage_avg, STATUS: Invalid Max or Min value., ACTION: Value Set to default
	SIG_NAME: module_voltage_min, STATUS: Invalid Max or Min value., ACTION: Value Set to default
	SIG_NAME: module_voltage_max, STATUS: Invalid Max or Min value., ACTION: Value Set to default

MSG_ID: 263 	MSG_TYPE: S 	MSG_NAME: Slave_01_MSC_ID_2
	SIG_NAME: module_voltage_delta, STATUS: Invalid Max or Min value., ACTION: Value Set to default
	SIG_NAME: module_ic_voltage, STATUS: Invalid Max or Min value., ACTION: Value Set to default
	SIG_NAME: module_open_wire, STATUS: Invalid Max or Min value., ACTION: Value Set to default
	SIG_NAME: module_ic_temperature, STATUS: Invalid Max or Min value., ACTION: Value Set to default

MSG_ID: 272 	MSG_TYPE: S 	MSG_NAME: Slave_02_Voltage_ID_1
	SIG_NAME: cell_voltage_13, STATUS: Invalid Max or Min value., ACTION: Value Set to default
	SIG_NAME: cell_voltage_14, STATUS: Invalid Max or Min value., ACTION: Value Set to default
	SIG_NAME: cell_voltage_15, STATUS: Invalid Max or Min value., ACTION: Value Set to default
	SIG_NAME: cell_voltage_16, STATUS: Invalid Max or Min value., ACTION: Value Set to default

MSG_ID: 273 	MSG_TYPE: S 	MSG_NAME: Slave_02_Voltage_ID_2
	SIG_NAME: cell_voltage_17, STATUS: Invalid Max or Min value., ACTION: Value Set to default
	SIG_NAME: cell_voltage_18, STATUS: Invalid Max or Min value., ACTION: Value Set to default
	SIG_NAME: cell_voltage_19, STATUS: Invalid Max or Min value., ACTION: Value Set to default
	SIG_NAME: cell_voltage_20, STATUS: Invalid Max or Min value., ACTION: Value Set to default

MSG_ID: 274 	MSG_TYPE: S 	MSG_NAME: Slave_02_Voltage_ID_3
	SIG_NAME: cell_voltage_21, STATUS: Invalid Max or Min value., ACTION: Value Set to default
	SIG_NAME: cell_voltage_22, STATUS: Invalid Max or Min value., ACTION: Value Set to default
	SIG_NAME: cell_voltage_23, STATUS: Invalid Max or Min value., ACTION: Value Set to default
	SIG_NAME: cell_voltage_24, STATUS: Invalid Max or Min value., ACTION: Value Set to default

MSG_ID: 275 	MSG_TYPE: S 	MSG_NAME: Slave_02_Temperature_ID_1
	SIG_NAME: temperature_value_13, STATUS: Invalid Max or Min value., ACTION: Value Set to default
	SIG_NAME: temperature_value_14, STATUS: Invalid Max or Min value., ACTION: Value Set to default
	SIG_NAME: temperature_value_15, STATUS: Invalid Max or Min value., ACTION: Value Set to default
	SIG_NAME: temperature_value_16, STATUS: Invalid Max or Min value., ACTION: Value Set to default

MSG_ID: 276 	MSG_TYPE: S 	MSG_NAME: Slave_02_Temperature_ID_2
	SIG_NAME: temperature_value_17, STATUS: Invalid Max or Min value., ACTION: Value Set to default
	SIG_NAME: temperature_value_18, STATUS: Invalid Max or Min value., ACTION: Value Set to default
	SIG_NAME: temperature_value_19, STATUS: Invalid Max or Min value., ACTION: Value Set to default
	SIG_NAME: temperature_value_20, STATUS: Invalid Max or Min value., ACTION: Value Set to default

MSG_ID: 277 	MSG_TYPE: S 	MSG_NAME: Slave_02_Temperature_ID_3
	SIG_NAME: temperature_value_21, STATUS: Invalid Max or Min value., ACTION: Value Set to default
	SIG_NAME: temperature_value_22, STATUS: Invalid Max or Min value., ACTION: Value Set to default
	SIG_NAME: temperature_value_23, STATUS: Invalid Max or Min value., ACTION: Value Set to default
	SIG_NAME: temperature_value_24, STATUS: Invalid Max or Min value., ACTION: Value Set to default

MSG_ID: 278 	MSG_TYPE: S 	MSG_NAME: Slave_02_MSC_ID_1
	SIG_NAME: module_voltage_sum, STATUS: Invalid Max or Min value., ACTION: Value Set to default
	SIG_NAME: module_voltage_avg, STATUS: Invalid Max or Min value., ACTION: Value Set to default
	SIG_NAME: module_voltage_min, STATUS: Invalid Max or Min value., ACTION: Value Set to default
	SIG_NAME: module_voltage_max, STATUS: Invalid Max or Min value., ACTION: Value Set to default

MSG_ID: 279 	MSG_TYPE: S 	MSG_NAME: Slave_02_MSC_ID_2
	SIG_NAME: module_voltage_delta, STATUS: Invalid Max or Min value., ACTION: Value Set to default
	SIG_NAME: module_ic_voltage, STATUS: Invalid Max or Min value., ACTION: Value Set to default
	SIG_NAME: module_open_wire, STATUS: Invalid Max or Min value., ACTION: Value Set to default
	SIG_NAME: module_ic_temperature, STATUS: Invalid Max or Min value., ACTION: Value Set to default

MSG_ID: 288 	MSG_TYPE: S 	MSG_NAME: Slave_03_Voltage_ID_1
	SIG_NAME: cell_voltage_25, STATUS: Invalid Max or Min value., ACTION: Value Set to default
	SIG_NAME: cell_voltage_26, STATUS: Invalid Max or Min value., ACTION: Value Set to default
	SIG_NAME: cell_voltage_27, STATUS: Invalid Max or Min value., ACTION: Value Set to default
	SIG_NAME: cell_voltage_28, STATUS: Invalid Max or Min value., ACTION: Value Set to default

MSG_ID: 289 	MSG_TYPE: S 	MSG_NAME: Slave_03_Voltage_ID_2
	SIG_NAME: cell_voltage_29, STATUS: Invalid Max or Min value., ACTION: Value Set to default
	SIG_NAME: cell_voltage_30, STATUS: Invalid Max or Min value., ACTION: Value Set to default
	SIG_NAME: cell_voltage_31, STATUS: Invalid Max or Min value., ACTION: Value Set to default
	SIG_NAME: cell_voltage_32, STATUS: Invalid Max or Min value., ACTION: Value Set to default

MSG_ID: 290 	MSG_TYPE: S 	MSG_NAME: Slave_03_Voltage_ID_3
	SIG_NAME: cell_voltage_33, STATUS: Invalid Max or Min value., ACTION: Value Set to default
	SIG_NAME: cell_voltage_34, STATUS: Invalid Max or Min value., ACTION: Value Set to default
	SIG_NAME: cell_voltage_35, STATUS: Invalid Max or Min value., ACTION: Value Set to default
	SIG_NAME: cell_voltage_36, STATUS: Invalid Max or Min value., ACTION: Value Set to default

MSG_ID: 291 	MSG_TYPE: S 	MSG_NAME: Slave_03_Temperature_ID_1
	SIG_NAME: temperature_value_25, STATUS: Invalid Max or Min value., ACTION: Value Set to default
	SIG_NAME: temperature_value_26, STATUS: Invalid Max or Min value., ACTION: Value Set to default
	SIG_NAME: temperature_value_27, STATUS: Invalid Max or Min value., ACTION: Value Set to default
	SIG_NAME: temperature_value_28, STATUS: Invalid Max or Min value., ACTION: Value Set to default

MSG_ID: 292 	MSG_TYPE: S 	MSG_NAME: Slave_03_Temperature_ID_2
	SIG_NAME: temperature_value_29, STATUS: Invalid Max or Min value., ACTION: Value Set to default
	SIG_NAME: temperature_value_30, STATUS: Invalid Max or Min value., ACTION: Value Set to default
	SIG_NAME: temperature_value_31, STATUS: Invalid Max or Min value., ACTION: Value Set to default
	SIG_NAME: temperature_value_32, STATUS: Invalid Max or Min value., ACTION: Value Set to default

MSG_ID: 293 	MSG_TYPE: S 	MSG_NAME: Slave_03_Temperature_ID_3
	SIG_NAME: temperature_value_33, STATUS: Invalid Max or Min value., ACTION: Value Set to default
	SIG_NAME: temperature_value_34, STATUS: Invalid Max or Min value., ACTION: Value Set to default
	SIG_NAME: temperature_value_35, STATUS: Invalid Max or Min value., ACTION: Value Set to default
	SIG_NAME: temperature_value_36, STATUS: Invalid Max or Min value., ACTION: Value Set to default

MSG_ID: 294 	MSG_TYPE: S 	MSG_NAME: Slave_03_MSC_ID_1
	SIG_NAME: module_voltage_sum, STATUS: Invalid Max or Min value., ACTION: Value Set to default
	SIG_NAME: module_voltage_avg, STATUS: Invalid Max or Min value., ACTION: Value Set to default
	SIG_NAME: module_voltage_min, STATUS: Invalid Max or Min value., ACTION: Value Set to default
	SIG_NAME: module_voltage_max, STATUS: Invalid Max or Min value., ACTION: Value Set to default

MSG_ID: 295 	MSG_TYPE: S 	MSG_NAME: Slave_03_MSC_ID_2
	SIG_NAME: module_voltage_delta, STATUS: Invalid Max or Min value., ACTION: Value Set to default
	SIG_NAME: module_ic_voltage, STATUS: Invalid Max or Min value., ACTION: Value Set to default
	SIG_NAME: module_open_wire, STATUS: Invalid Max or Min value., ACTION: Value Set to default
	SIG_NAME: module_ic_temperature, STATUS: Invalid Max or Min value., ACTION: Value Set to default

MSG_ID: 304 	MSG_TYPE: S 	MSG_NAME: Slave_04_Voltage_ID_1
	SIG_NAME: cell_voltage_37, STATUS: Invalid Max or Min value., ACTION: Value Set to default
	SIG_NAME: cell_voltage_38, STATUS: Invalid Max or Min value., ACTION: Value Set to default
	SIG_NAME: cell_voltage_39, STATUS: Invalid Max or Min value., ACTION: Value Set to default
	SIG_NAME: cell_voltage_40, STATUS: Invalid Max or Min value., ACTION: Value Set to default

MSG_ID: 305 	MSG_TYPE: S 	MSG_NAME: Slave_04_Voltage_ID_2
	SIG_NAME: cell_voltage_41, STATUS: Invalid Max or Min value., ACTION: Value Set to default
	SIG_NAME: cell_voltage_42, STATUS: Invalid Max or Min value., ACTION: Value Set to default
	SIG_NAME: cell_voltage_43, STATUS: Invalid Max or Min value., ACTION: Value Set to default
	SIG_NAME: cell_voltage_44, STATUS: Invalid Max or Min value., ACTION: Value Set to default

MSG_ID: 306 	MSG_TYPE: S 	MSG_NAME: Slave_04_Voltage_ID_3
	SIG_NAME: cell_voltage_45, STATUS: Invalid Max or Min value., ACTION: Value Set to default
	SIG_NAME: cell_voltage_46, STATUS: Invalid Max or Min value., ACTION: Value Set to default
	SIG_NAME: cell_voltage_47, STATUS: Invalid Max or Min value., ACTION: Value Set to default
	SIG_NAME: cell_voltage_48, STATUS: Invalid Max or Min value., ACTION: Value Set to default

MSG_ID: 307 	MSG_TYPE: S 	MSG_NAME: Slave_04_Temperature_ID_1
	SIG_NAME: temperature_value_37, STATUS: Invalid Max or Min value., ACTION: Value Set to default
	SIG_NAME: temperature_value_38, STATUS: Invalid Max or Min value., ACTION: Value Set to default
	SIG_NAME: temperature_value_39, STATUS: Invalid Max or Min value., ACTION: Value Set to default
	SIG_NAME: temperature_value_40, STATUS: Invalid Max or Min value., ACTION: Value Set to default

MSG_ID: 308 	MSG_TYPE: S 	MSG_NAME: Slave_04_Temperature_ID_2
	SIG_NAME: temperature_value_41, STATUS: Invalid Max or Min value., ACTION: Value Set to default
	SIG_NAME: temperature_value_42, STATUS: Invalid Max or Min value., ACTION: Value Set to default
	SIG_NAME: temperature_value_43, STATUS: Invalid Max or Min value., ACTION: Value Set to default
	SIG_NAME: temperature_value_44, STATUS: Invalid Max or Min value., ACTION: Value Set to default

MSG_ID: 309 	MSG_TYPE: S 	MSG_NAME: Slave_04_Temperature_ID_3
	SIG_NAME: temperature_value_45, STATUS: Invalid Max or Min value., ACTION: Value Set to default
	SIG_NAME: temperature_value_46, STATUS: Invalid Max or Min value., ACTION: Value Set to default
	SIG_NAME: temperature_value_47, STATUS: Invalid Max or Min value., ACTION: Value Set to default
	SIG_NAME: temperature_value_48, STATUS: Invalid Max or Min value., ACTION: Value Set to default

MSG_ID: 310 	MSG_TYPE: S 	MSG_NAME: Slave_04_MSC_ID_1
	SIG_NAME: module_voltage_sum, STATUS: Invalid Max or Min value., ACTION: Value Set to default
	SIG_NAME: module_voltage_avg, STATUS: Invalid Max or Min value., ACTION: Value Set to default
	SIG_NAME: module_voltage_min, STATUS: Invalid Max or Min value., ACTION: Value Set to default
	SIG_NAME: module_voltage_max, STATUS: Invalid Max or Min value., ACTION: Value Set to default

MSG_ID: 311 	MSG_TYPE: S 	MSG_NAME: Slave_04_MSC_ID_2
	SIG_NAME: module_voltage_delta, STATUS: Invalid Max or Min value., ACTION: Value Set to default
	SIG_NAME: module_ic_voltage, STATUS: Invalid Max or Min value., ACTION: Value Set to default
	SIG_NAME: module_open_wire, STATUS: Invalid Max or Min value., ACTION: Value Set to default
	SIG_NAME: module_ic_temperature, STATUS: Invalid Max or Min value., ACTION: Value Set to default

MSG_ID: 320 	MSG_TYPE: S 	MSG_NAME: Slave_05_Voltage_ID_1
	SIG_NAME: cell_voltage_49, STATUS: Invalid Max or Min value., ACTION: Value Set to default
	SIG_NAME: cell_voltage_50, STATUS: Invalid Max or Min value., ACTION: Value Set to default
	SIG_NAME: cell_voltage_51, STATUS: Invalid Max or Min value., ACTION: Value Set to default
	SIG_NAME: cell_voltage_52, STATUS: Invalid Max or Min value., ACTION: Value Set to default

MSG_ID: 321 	MSG_TYPE: S 	MSG_NAME: Slave_05_Voltage_ID_2
	SIG_NAME: cell_voltage_53, STATUS: Invalid Max or Min value., ACTION: Value Set to default
	SIG_NAME: cell_voltage_54, STATUS: Invalid Max or Min value., ACTION: Value Set to default
	SIG_NAME: cell_voltage_55, STATUS: Invalid Max or Min value., ACTION: Value Set to default
	SIG_NAME: cell_voltage_56, STATUS: Invalid Max or Min value., ACTION: Value Set to default

MSG_ID: 322 	MSG_TYPE: S 	MSG_NAME: Slave_05_Voltage_ID_3
	SIG_NAME: cell_voltage_57, STATUS: Invalid Max or Min value., ACTION: Value Set to default
	SIG_NAME: cell_voltage_58, STATUS: Invalid Max or Min value., ACTION: Value Set to default
	SIG_NAME: cell_voltage_59, STATUS: Invalid Max or Min value., ACTION: Value Set to default
	SIG_NAME: cell_voltage_60, STATUS: Invalid Max or Min value., ACTION: Value Set to default

MSG_ID: 323 	MSG_TYPE: S 	MSG_NAME: Slave_05_Temperature_ID_1
	SIG_NAME: temperature_value_49, STATUS: Invalid Max or Min value., ACTION: Value Set to default
	SIG_NAME: temperature_value_50, STATUS: Invalid Max or Min value., ACTION: Value Set to default
	SIG_NAME: temperature_value_51, STATUS: Invalid Max or Min value., ACTION: Value Set to default
	SIG_NAME: temperature_value_52, STATUS: Invalid Max or Min value., ACTION: Value Set to default

MSG_ID: 324 	MSG_TYPE: S 	MSG_NAME: Slave_05_Temperature_ID_2
	SIG_NAME: temperature_value_53, STATUS: Invalid Max or Min value., ACTION: Value Set to default
	SIG_NAME: temperature_value_54, STATUS: Invalid Max or Min value., ACTION: Value Set to default
	SIG_NAME: temperature_value_55, STATUS: Invalid Max or Min value., ACTION: Value Set to default
	SIG_NAME: temperature_value_56, STATUS: Invalid Max or Min value., ACTION: Value Set to default

MSG_ID: 325 	MSG_TYPE: S 	MSG_NAME: Slave_05_Temperature_ID_3
	SIG_NAME: temperature_value_57, STATUS: Invalid Max or Min value., ACTION: Value Set to default
	SIG_NAME: temperature_value_58, STATUS: Invalid Max or Min value., ACTION: Value Set to default
	SIG_NAME: temperature_value_59, STATUS: Invalid Max or Min value., ACTION: Value Set to default
	SIG_NAME: temperature_value_60, STATUS: Invalid Max or Min value., ACTION: Value Set to default

MSG_ID: 326 	MSG_TYPE: S 	MSG_NAME: Slave_05_MSC_ID_1
	SIG_NAME: module_voltage_sum, STATUS: Invalid Max or Min value., ACTION: Value Set to default
	SIG_NAME: module_voltage_avg, STATUS: Invalid Max or Min value., ACTION: Value Set to default
	SIG_NAME: module_voltage_min, STATUS: Invalid Max or Min value., ACTION: Value Set to default
	SIG_NAME: module_voltage_max, STATUS: Invalid Max or Min value., ACTION: Value Set to default

MSG_ID: 327 	MSG_TYPE: S 	MSG_NAME: Slave_05_MSC_ID_2
	SIG_NAME: module_voltage_delta, STATUS: Invalid Max or Min value., ACTION: Value Set to default
	SIG_NAME: module_ic_voltage, STATUS: Invalid Max or Min value., ACTION: Value Set to default
	SIG_NAME: module_open_wire, STATUS: Invalid Max or Min value., ACTION: Value Set to default
	SIG_NAME: module_ic_temperature, STATUS: Invalid Max or Min value., ACTION: Value Set to default

MSG_ID: 336 	MSG_TYPE: S 	MSG_NAME: Slave_06_Voltage_ID_1
	SIG_NAME: cell_voltage_61, STATUS: Invalid Max or Min value., ACTION: Value Set to default
	SIG_NAME: cell_voltage_62, STATUS: Invalid Max or Min value., ACTION: Value Set to default
	SIG_NAME: cell_voltage_63, STATUS: Invalid Max or Min value., ACTION: Value Set to default
	SIG_NAME: cell_voltage_64, STATUS: Invalid Max or Min value., ACTION: Value Set to default

MSG_ID: 337 	MSG_TYPE: S 	MSG_NAME: Slave_06_Voltage_ID_2
	SIG_NAME: cell_voltage_65, STATUS: Invalid Max or Min value., ACTION: Value Set to default
	SIG_NAME: cell_voltage_66, STATUS: Invalid Max or Min value., ACTION: Value Set to default
	SIG_NAME: cell_voltage_67, STATUS: Invalid Max or Min value., ACTION: Value Set to default
	SIG_NAME: cell_voltage_68, STATUS: Invalid Max or Min value., ACTION: Value Set to default

MSG_ID: 338 	MSG_TYPE: S 	MSG_NAME: Slave_06_Voltage_ID_3
	SIG_NAME: cell_voltage_69, STATUS: Invalid Max or Min value., ACTION: Value Set to default
	SIG_NAME: cell_voltage_70, STATUS: Invalid Max or Min value., ACTION: Value Set to default
	SIG_NAME: cell_voltage_71, STATUS: Invalid Max or Min value., ACTION: Value Set to default
	SIG_NAME: cell_voltage_72, STATUS: Invalid Max or Min value., ACTION: Value Set to default

MSG_ID: 339 	MSG_TYPE: S 	MSG_NAME: Slave_06_Temperature_ID_1
	SIG_NAME: temperature_value_61, STATUS: Invalid Max or Min value., ACTION: Value Set to default
	SIG_NAME: temperature_value_62, STATUS: Invalid Max or Min value., ACTION: Value Set to default
	SIG_NAME: temperature_value_63, STATUS: Invalid Max or Min value., ACTION: Value Set to default
	SIG_NAME: temperature_value_64, STATUS: Invalid Max or Min value., ACTION: Value Set to default

MSG_ID: 340 	MSG_TYPE: S 	MSG_NAME: Slave_06_Temperature_ID_2
	SIG_NAME: temperature_value_65, STATUS: Invalid Max or Min value., ACTION: Value Set to default
	SIG_NAME: temperature_value_66, STATUS: Invalid Max or Min value., ACTION: Value Set to default
	SIG_NAME: temperature_value_67, STATUS: Invalid Max or Min value., ACTION: Value Set to default
	SIG_NAME: temperature_value_68, STATUS: Invalid Max or Min value., ACTION: Value Set to default

MSG_ID: 341 	MSG_TYPE: S 	MSG_NAME: Slave_06_Temperature_ID_3
	SIG_NAME: temperature_value_69, STATUS: Invalid Max or Min value., ACTION: Value Set to default
	SIG_NAME: temperature_value_70, STATUS: Invalid Max or Min value., ACTION: Value Set to default
	SIG_NAME: temperature_value_71, STATUS: Invalid Max or Min value., ACTION: Value Set to default
	SIG_NAME: temperature_value_72, STATUS: Invalid Max or Min value., ACTION: Value Set to default

MSG_ID: 342 	MSG_TYPE: S 	MSG_NAME: Slave_06_MSC_ID_1
	SIG_NAME: module_voltage_sum, STATUS: Invalid Max or Min value., ACTION: Value Set to default
	SIG_NAME: module_voltage_avg, STATUS: Invalid Max or Min value., ACTION: Value Set to default
	SIG_NAME: module_voltage_min, STATUS: Invalid Max or Min value., ACTION: Value Set to default
	SIG_NAME: module_voltage_max, STATUS: Invalid Max or Min value., ACTION: Value Set to default

MSG_ID: 343 	MSG_TYPE: S 	MSG_NAME: Slave_06_MSC_ID_2
	SIG_NAME: module_voltage_delta, STATUS: Invalid Max or Min value., ACTION: Value Set to default
	SIG_NAME: module_ic_voltage, STATUS: Invalid Max or Min value., ACTION: Value Set to default
	SIG_NAME: module_open_wire, STATUS: Invalid Max or Min value., ACTION: Value Set to default
	SIG_NAME: module_ic_temperature, STATUS: Invalid Max or Min value., ACTION: Value Set to default

MSG_ID: 352 	MSG_TYPE: S 	MSG_NAME: Slave_07_Voltage_ID_1
	SIG_NAME: cell_voltage_73, STATUS: Invalid Max or Min value., ACTION: Value Set to default
	SIG_NAME: cell_voltage_74, STATUS: Invalid Max or Min value., ACTION: Value Set to default
	SIG_NAME: cell_voltage_75, STATUS: Invalid Max or Min value., ACTION: Value Set to default
	SIG_NAME: cell_voltage_76, STATUS: Invalid Max or Min value., ACTION: Value Set to default

MSG_ID: 353 	MSG_TYPE: S 	MSG_NAME: Slave_07_Voltage_ID_2
	SIG_NAME: cell_voltage_77, STATUS: Invalid Max or Min value., ACTION: Value Set to default
	SIG_NAME: cell_voltage_78, STATUS: Invalid Max or Min value., ACTION: Value Set to default
	SIG_NAME: cell_voltage_79, STATUS: Invalid Max or Min value., ACTION: Value Set to default
	SIG_NAME: cell_voltage_80, STATUS: Invalid Max or Min value., ACTION: Value Set to default

MSG_ID: 354 	MSG_TYPE: S 	MSG_NAME: Slave_07_Voltage_ID_3
	SIG_NAME: cell_voltage_81, STATUS: Invalid Max or Min value., ACTION: Value Set to default
	SIG_NAME: cell_voltage_82, STATUS: Invalid Max or Min value., ACTION: Value Set to default
	SIG_NAME: cell_voltage_83, STATUS: Invalid Max or Min value., ACTION: Value Set to default
	SIG_NAME: cell_voltage_84, STATUS: Invalid Max or Min value., ACTION: Value Set to default

MSG_ID: 355 	MSG_TYPE: S 	MSG_NAME: Slave_07_Temperature_ID_1
	SIG_NAME: temperature_value_73, STATUS: Invalid Max or Min value., ACTION: Value Set to default
	SIG_NAME: temperature_value_74, STATUS: Invalid Max or Min value., ACTION: Value Set to default
	SIG_NAME: temperature_value_75, STATUS: Invalid Max or Min value., ACTION: Value Set to default
	SIG_NAME: temperature_value_76, STATUS: Invalid Max or Min value., ACTION: Value Set to default

MSG_ID: 356 	MSG_TYPE: S 	MSG_NAME: Slave_07_Temperature_ID_2
	SIG_NAME: temperature_value_77, STATUS: Invalid Max or Min value., ACTION: Value Set to default
	SIG_NAME: temperature_value_78, STATUS: Invalid Max or Min value., ACTION: Value Set to default
	SIG_NAME: temperature_value_79, STATUS: Invalid Max or Min value., ACTION: Value Set to default
	SIG_NAME: temperature_value_80, STATUS: Invalid Max or Min value., ACTION: Value Set to default

MSG_ID: 357 	MSG_TYPE: S 	MSG_NAME: Slave_07_Temperature_ID_3
	SIG_NAME: temperature_value_81, STATUS: Invalid Max or Min value., ACTION: Value Set to default
	SIG_NAME: temperature_value_82, STATUS: Invalid Max or Min value., ACTION: Value Set to default
	SIG_NAME: temperature_value_83, STATUS: Invalid Max or Min value., ACTION: Value Set to default
	SIG_NAME: temperature_value_84, STATUS: Invalid Max or Min value., ACTION: Value Set to default

MSG_ID: 358 	MSG_TYPE: S 	MSG_NAME: Slave_07_MSC_ID_1
	SIG_NAME: module_voltage_sum, STATUS: Invalid Max or Min value., ACTION: Value Set to default
	SIG_NAME: module_voltage_avg, STATUS: Invalid Max or Min value., ACTION: Value Set to default
	SIG_NAME: module_voltage_min, STATUS: Invalid Max or Min value., ACTION: Value Set to default
	SIG_NAME: module_voltage_max, STATUS: Invalid Max or Min value., ACTION: Value Set to default

MSG_ID: 359 	MSG_TYPE: S 	MSG_NAME: Slave_07_MSC_ID_2
	SIG_NAME: module_voltage_delta, STATUS: Invalid Max or Min value., ACTION: Value Set to default
	SIG_NAME: module_ic_voltage, STATUS: Invalid Max or Min value., ACTION: Value Set to default
	SIG_NAME: module_open_wire, STATUS: Invalid Max or Min value., ACTION: Value Set to default
	SIG_NAME: module_ic_temperature, STATUS: Invalid Max or Min value., ACTION: Value Set to default

MSG_ID: 368 	MSG_TYPE: S 	MSG_NAME: Slave_08_Voltage_ID_1
	SIG_NAME: cell_voltage_85, STATUS: Invalid Max or Min value., ACTION: Value Set to default
	SIG_NAME: cell_voltage_86, STATUS: Invalid Max or Min value., ACTION: Value Set to default
	SIG_NAME: cell_voltage_87, STATUS: Invalid Max or Min value., ACTION: Value Set to default
	SIG_NAME: cell_voltage_88, STATUS: Invalid Max or Min value., ACTION: Value Set to default

MSG_ID: 369 	MSG_TYPE: S 	MSG_NAME: Slave_08_Voltage_ID_2
	SIG_NAME: cell_voltage_89, STATUS: Invalid Max or Min value., ACTION: Value Set to default
	SIG_NAME: cell_voltage_90, STATUS: Invalid Max or Min value., ACTION: Value Set to default
	SIG_NAME: cell_voltage_91, STATUS: Invalid Max or Min value., ACTION: Value Set to default
	SIG_NAME: cell_voltage_92, STATUS: Invalid Max or Min value., ACTION: Value Set to default

MSG_ID: 370 	MSG_TYPE: S 	MSG_NAME: Slave_08_Voltage_ID_3
	SIG_NAME: cell_voltage_93, STATUS: Invalid Max or Min value., ACTION: Value Set to default
	SIG_NAME: cell_voltage_94, STATUS: Invalid Max or Min value., ACTION: Value Set to default
	SIG_NAME: cell_voltage_95, STATUS: Invalid Max or Min value., ACTION: Value Set to default
	SIG_NAME: cell_voltage_96, STATUS: Invalid Max or Min value., ACTION: Value Set to default

MSG_ID: 371 	MSG_TYPE: S 	MSG_NAME: Slave_08_Temperature_ID_1
	SIG_NAME: temperature_value_85, STATUS: Invalid Max or Min value., ACTION: Value Set to default
	SIG_NAME: temperature_value_86, STATUS: Invalid Max or Min value., ACTION: Value Set to default
	SIG_NAME: temperature_value_87, STATUS: Invalid Max or Min value., ACTION: Value Set to default
	SIG_NAME: temperature_value_88, STATUS: Invalid Max or Min value., ACTION: Value Set to default

MSG_ID: 372 	MSG_TYPE: S 	MSG_NAME: Slave_08_Temperature_ID_2
	SIG_NAME: temperature_value_89, STATUS: Invalid Max or Min value., ACTION: Value Set to default
	SIG_NAME: temperature_value_90, STATUS: Invalid Max or Min value., ACTION: Value Set to default
	SIG_NAME: temperature_value_91, STATUS: Invalid Max or Min value., ACTION: Value Set to default
	SIG_NAME: temperature_value_92, STATUS: Invalid Max or Min value., ACTION: Value Set to default

MSG_ID: 373 	MSG_TYPE: S 	MSG_NAME: Slave_08_Temperature_ID_3
	SIG_NAME: temperature_value_93, STATUS: Invalid Max or Min value., ACTION: Value Set to default
	SIG_NAME: temperature_value_94, STATUS: Invalid Max or Min value., ACTION: Value Set to default
	SIG_NAME: temperature_value_95, STATUS: Invalid Max or Min value., ACTION: Value Set to default
	SIG_NAME: temperature_value_96, STATUS: Invalid Max or Min value., ACTION: Value Set to default

MSG_ID: 374 	MSG_TYPE: S 	MSG_NAME: Slave_08_MSC_ID_1
	SIG_NAME: module_voltage_sum, STATUS: Invalid Max or Min value., ACTION: Value Set to default
	SIG_NAME: module_voltage_avg, STATUS: Invalid Max or Min value., ACTION: Value Set to default
	SIG_NAME: module_voltage_min, STATUS: Invalid Max or Min value., ACTION: Value Set to default
	SIG_NAME: module_voltage_max, STATUS: Invalid Max or Min value., ACTION: Value Set to default

MSG_ID: 375 	MSG_TYPE: S 	MSG_NAME: Slave_08_MSC_ID_2
	SIG_NAME: module_voltage_delta, STATUS: Invalid Max or Min value., ACTION: Value Set to default
	SIG_NAME: module_ic_voltage, STATUS: Invalid Max or Min value., ACTION: Value Set to default
	SIG_NAME: module_open_wire, STATUS: Invalid Max or Min value., ACTION: Value Set to default
	SIG_NAME: module_ic_temperature, STATUS: Invalid Max or Min value., ACTION: Value Set to default

MSG_ID: 384 	MSG_TYPE: S 	MSG_NAME: Slave_09_Voltage_ID_1
	SIG_NAME: cell_voltage_97, STATUS: Invalid Max or Min value., ACTION: Value Set to default
	SIG_NAME: cell_voltage_98, STATUS: Invalid Max or Min value., ACTION: Value Set to default
	SIG_NAME: cell_voltage_99, STATUS: Invalid Max or Min value., ACTION: Value Set to default
	SIG_NAME: cell_voltage_100, STATUS: Invalid Max or Min value., ACTION: Value Set to default

MSG_ID: 385 	MSG_TYPE: S 	MSG_NAME: Slave_09_Voltage_ID_2
	SIG_NAME: cell_voltage_101, STATUS: Invalid Max or Min value., ACTION: Value Set to default
	SIG_NAME: cell_voltage_102, STATUS: Invalid Max or Min value., ACTION: Value Set to default
	SIG_NAME: cell_voltage_103, STATUS: Invalid Max or Min value., ACTION: Value Set to default
	SIG_NAME: cell_voltage_104, STATUS: Invalid Max or Min value., ACTION: Value Set to default

MSG_ID: 386 	MSG_TYPE: S 	MSG_NAME: Slave_09_Voltage_ID_3
	SIG_NAME: cell_voltage_105, STATUS: Invalid Max or Min value., ACTION: Value Set to default
	SIG_NAME: cell_voltage_106, STATUS: Invalid Max or Min value., ACTION: Value Set to default
	SIG_NAME: cell_voltage_107, STATUS: Invalid Max or Min value., ACTION: Value Set to default
	SIG_NAME: cell_voltage_108, STATUS: Invalid Max or Min value., ACTION: Value Set to default

MSG_ID: 387 	MSG_TYPE: S 	MSG_NAME: Slave_09_Temperature_ID_1
	SIG_NAME: temperature_value_97, STATUS: Invalid Max or Min value., ACTION: Value Set to default
	SIG_NAME: temperature_value_98, STATUS: Invalid Max or Min value., ACTION: Value Set to default
	SIG_NAME: temperature_value_99, STATUS: Invalid Max or Min value., ACTION: Value Set to default
	SIG_NAME: temperature_value_100, STATUS: Invalid Max or Min value., ACTION: Value Set to default

MSG_ID: 388 	MSG_TYPE: S 	MSG_NAME: Slave_09_Temperature_ID_2
	SIG_NAME: temperature_value_101, STATUS: Invalid Max or Min value., ACTION: Value Set to default
	SIG_NAME: temperature_value_102, STATUS: Invalid Max or Min value., ACTION: Value Set to default
	SIG_NAME: temperature_value_103, STATUS: Invalid Max or Min value., ACTION: Value Set to default
	SIG_NAME: temperature_value_104, STATUS: Invalid Max or Min value., ACTION: Value Set to default

MSG_ID: 389 	MSG_TYPE: S 	MSG_NAME: Slave_09_Temperature_ID_3
	SIG_NAME: temperature_value_105, STATUS: Invalid Max or Min value., ACTION: Value Set to default
	SIG_NAME: temperature_value_106, STATUS: Invalid Max or Min value., ACTION: Value Set to default
	SIG_NAME: temperature_value_107, STATUS: Invalid Max or Min value., ACTION: Value Set to default
	SIG_NAME: temperature_value_108, STATUS: Invalid Max or Min value., ACTION: Value Set to default

MSG_ID: 390 	MSG_TYPE: S 	MSG_NAME: Slave_09_MSC_ID_1
	SIG_NAME: module_voltage_sum, STATUS: Invalid Max or Min value., ACTION: Value Set to default
	SIG_NAME: module_voltage_avg, STATUS: Invalid Max or Min value., ACTION: Value Set to default
	SIG_NAME: module_voltage_min, STATUS: Invalid Max or Min value., ACTION: Value Set to default
	SIG_NAME: module_voltage_max, STATUS: Invalid Max or Min value., ACTION: Value Set to default

MSG_ID: 391 	MSG_TYPE: S 	MSG_NAME: Slave_09_MSC_ID_2
	SIG_NAME: module_voltage_delta, STATUS: Invalid Max or Min value., ACTION: Value Set to default
	SIG_NAME: module_ic_voltage, STATUS: Invalid Max or Min value., ACTION: Value Set to default
	SIG_NAME: module_open_wire, STATUS: Invalid Max or Min value., ACTION: Value Set to default
	SIG_NAME: module_ic_temperature, STATUS: Invalid Max or Min value., ACTION: Value Set to default

MSG_ID: 400 	MSG_TYPE: S 	MSG_NAME: Slave_10_Voltage_ID_1
	SIG_NAME: cell_voltage_109, STATUS: Invalid Max or Min value., ACTION: Value Set to default
	SIG_NAME: cell_voltage_110, STATUS: Invalid Max or Min value., ACTION: Value Set to default
	SIG_NAME: cell_voltage_111, STATUS: Invalid Max or Min value., ACTION: Value Set to default
	SIG_NAME: cell_voltage_112, STATUS: Invalid Max or Min value., ACTION: Value Set to default

MSG_ID: 401 	MSG_TYPE: S 	MSG_NAME: Slave_10_Voltage_ID_2
	SIG_NAME: cell_voltage_113, STATUS: Invalid Max or Min value., ACTION: Value Set to default
	SIG_NAME: cell_voltage_114, STATUS: Invalid Max or Min value., ACTION: Value Set to default
	SIG_NAME: cell_voltage_115, STATUS: Invalid Max or Min value., ACTION: Value Set to default
	SIG_NAME: cell_voltage_116, STATUS: Invalid Max or Min value., ACTION: Value Set to default

MSG_ID: 402 	MSG_TYPE: S 	MSG_NAME: Slave_10_Voltage_ID_3
	SIG_NAME: cell_voltage_117, STATUS: Invalid Max or Min value., ACTION: Value Set to default
	SIG_NAME: cell_voltage_118, STATUS: Invalid Max or Min value., ACTION: Value Set to default
	SIG_NAME: cell_voltage_119, STATUS: Invalid Max or Min value., ACTION: Value Set to default
	SIG_NAME: cell_voltage_120, STATUS: Invalid Max or Min value., ACTION: Value Set to default

MSG_ID: 403 	MSG_TYPE: S 	MSG_NAME: Slave_10_Temperature_ID_1
	SIG_NAME: temperature_value_109, STATUS: Invalid Max or Min value., ACTION: Value Set to default
	SIG_NAME: temperature_value_110, STATUS: Invalid Max or Min value., ACTION: Value Set to default
	SIG_NAME: temperature_value_111, STATUS: Invalid Max or Min value., ACTION: Value Set to default
	SIG_NAME: temperature_value_112, STATUS: Invalid Max or Min value., ACTION: Value Set to default

MSG_ID: 404 	MSG_TYPE: S 	MSG_NAME: Slave_10_Temperature_ID_2
	SIG_NAME: temperature_value_113, STATUS: Invalid Max or Min value., ACTION: Value Set to default
	SIG_NAME: temperature_value_114, STATUS: Invalid Max or Min value., ACTION: Value Set to default
	SIG_NAME: temperature_value_115, STATUS: Invalid Max or Min value., ACTION: Value Set to default
	SIG_NAME: temperature_value_116, STATUS: Invalid Max or Min value., ACTION: Value Set to default

MSG_ID: 405 	MSG_TYPE: S 	MSG_NAME: Slave_10_Temperature_ID_3
	SIG_NAME: temperature_value_117, STATUS: Invalid Max or Min value., ACTION: Value Set to default
	SIG_NAME: temperature_value_118, STATUS: Invalid Max or Min value., ACTION: Value Set to default
	SIG_NAME: temperature_value_119, STATUS: Invalid Max or Min value., ACTION: Value Set to default
	SIG_NAME: temperature_value_120, STATUS: Invalid Max or Min value., ACTION: Value Set to default

MSG_ID: 406 	MSG_TYPE: S 	MSG_NAME: Slave_10_MSC_ID_1
	SIG_NAME: module_voltage_sum, STATUS: Invalid Max or Min value., ACTION: Value Set to default
	SIG_NAME: module_voltage_avg, STATUS: Invalid Max or Min value., ACTION: Value Set to default
	SIG_NAME: module_voltage_min, STATUS: Invalid Max or Min value., ACTION: Value Set to default
	SIG_NAME: module_voltage_max, STATUS: Invalid Max or Min value., ACTION: Value Set to default

MSG_ID: 407 	MSG_TYPE: S 	MSG_NAME: Slave_10_MSC_ID_2
	SIG_NAME: module_voltage_delta, STATUS: Invalid Max or Min value., ACTION: Value Set to default
	SIG_NAME: module_ic_voltage, STATUS: Invalid Max or Min value., ACTION: Value Set to default
	SIG_NAME: module_open_wire, STATUS: Invalid Max or Min value., ACTION: Value Set to default
	SIG_NAME: module_ic_temperature, STATUS: Invalid Max or Min value., ACTION: Value Set to default

MSG_ID: 416 	MSG_TYPE: S 	MSG_NAME: Slave_11_Voltage_ID_1
	SIG_NAME: cell_voltage_121, STATUS: Invalid Max or Min value., ACTION: Value Set to default
	SIG_NAME: cell_voltage_122, STATUS: Invalid Max or Min value., ACTION: Value Set to default
	SIG_NAME: cell_voltage_123, STATUS: Invalid Max or Min value., ACTION: Value Set to default
	SIG_NAME: cell_voltage_124, STATUS: Invalid Max or Min value., ACTION: Value Set to default

MSG_ID: 417 	MSG_TYPE: S 	MSG_NAME: Slave_11_Voltage_ID_2
	SIG_NAME: cell_voltage_125, STATUS: Invalid Max or Min value., ACTION: Value Set to default
	SIG_NAME: cell_voltage_126, STATUS: Invalid Max or Min value., ACTION: Value Set to default
	SIG_NAME: cell_voltage_127, STATUS: Invalid Max or Min value., ACTION: Value Set to default
	SIG_NAME: cell_voltage_128, STATUS: Invalid Max or Min value., ACTION: Value Set to default

MSG_ID: 418 	MSG_TYPE: S 	MSG_NAME: Slave_11_Voltage_ID_3
	SIG_NAME: cell_voltage_129, STATUS: Invalid Max or Min value., ACTION: Value Set to default
	SIG_NAME: cell_voltage_130, STATUS: Invalid Max or Min value., ACTION: Value Set to default
	SIG_NAME: cell_voltage_131, STATUS: Invalid Max or Min value., ACTION: Value Set to default
	SIG_NAME: cell_voltage_132, STATUS: Invalid Max or Min value., ACTION: Value Set to default

MSG_ID: 419 	MSG_TYPE: S 	MSG_NAME: Slave_11_Temperature_ID_1
	SIG_NAME: temperature_value_121, STATUS: Invalid Max or Min value., ACTION: Value Set to default
	SIG_NAME: temperature_value_122, STATUS: Invalid Max or Min value., ACTION: Value Set to default
	SIG_NAME: temperature_value_123, STATUS: Invalid Max or Min value., ACTION: Value Set to default
	SIG_NAME: temperature_value_124, STATUS: Invalid Max or Min value., ACTION: Value Set to default

MSG_ID: 420 	MSG_TYPE: S 	MSG_NAME: Slave_11_Temperature_ID_2
	SIG_NAME: temperature_value_125, STATUS: Invalid Max or Min value., ACTION: Value Set to default
	SIG_NAME: temperature_value_126, STATUS: Invalid Max or Min value., ACTION: Value Set to default
	SIG_NAME: temperature_value_127, STATUS: Invalid Max or Min value., ACTION: Value Set to default
	SIG_NAME: temperature_value_128, STATUS: Invalid Max or Min value., ACTION: Value Set to default

MSG_ID: 421 	MSG_TYPE: S 	MSG_NAME: Slave_11_Temperature_ID_3
	SIG_NAME: temperature_value_129, STATUS: Invalid Max or Min value., ACTION: Value Set to default
	SIG_NAME: temperature_value_130, STATUS: Invalid Max or Min value., ACTION: Value Set to default
	SIG_NAME: temperature_value_131, STATUS: Invalid Max or Min value., ACTION: Value Set to default
	SIG_NAME: temperature_value_132, STATUS: Invalid Max or Min value., ACTION: Value Set to default

MSG_ID: 422 	MSG_TYPE: S 	MSG_NAME: Slave_11_MSC_ID_1
	SIG_NAME: module_voltage_sum, STATUS: Invalid Max or Min value., ACTION: Value Set to default
	SIG_NAME: module_voltage_avg, STATUS: Invalid Max or Min value., ACTION: Value Set to default
	SIG_NAME: module_voltage_min, STATUS: Invalid Max or Min value., ACTION: Value Set to default
	SIG_NAME: module_voltage_max, STATUS: Invalid Max or Min value., ACTION: Value Set to default

MSG_ID: 423 	MSG_TYPE: S 	MSG_NAME: Slave_11_MSC_ID_2
	SIG_NAME: module_voltage_delta, STATUS: Invalid Max or Min value., ACTION: Value Set to default
	SIG_NAME: module_ic_voltage, STATUS: Invalid Max or Min value., ACTION: Value Set to default
	SIG_NAME: module_open_wire, STATUS: Invalid Max or Min value., ACTION: Value Set to default
	SIG_NAME: module_ic_temperature, STATUS: Invalid Max or Min value., ACTION: Value Set to default

MSG_ID: 432 	MSG_TYPE: S 	MSG_NAME: Slave_12_Voltage_ID_1
	SIG_NAME: cell_voltage_133, STATUS: Invalid Max or Min value., ACTION: Value Set to default
	SIG_NAME: cell_voltage_134, STATUS: Invalid Max or Min value., ACTION: Value Set to default
	SIG_NAME: cell_voltage_135, STATUS: Invalid Max or Min value., ACTION: Value Set to default
	SIG_NAME: cell_voltage_136, STATUS: Invalid Max or Min value., ACTION: Value Set to default

MSG_ID: 433 	MSG_TYPE: S 	MSG_NAME: Slave_12_Voltage_ID_2
	SIG_NAME: cell_voltage_137, STATUS: Invalid Max or Min value., ACTION: Value Set to default
	SIG_NAME: cell_voltage_138, STATUS: Invalid Max or Min value., ACTION: Value Set to default
	SIG_NAME: cell_voltage_139, STATUS: Invalid Max or Min value., ACTION: Value Set to default
	SIG_NAME: cell_voltage_140, STATUS: Invalid Max or Min value., ACTION: Value Set to default

MSG_ID: 434 	MSG_TYPE: S 	MSG_NAME: Slave_12_Voltage_ID_3
	SIG_NAME: cell_voltage_141, STATUS: Invalid Max or Min value., ACTION: Value Set to default
	SIG_NAME: cell_voltage_142, STATUS: Invalid Max or Min value., ACTION: Value Set to default
	SIG_NAME: cell_voltage_143, STATUS: Invalid Max or Min value., ACTION: Value Set to default
	SIG_NAME: cell_voltage_144, STATUS: Invalid Max or Min value., ACTION: Value Set to default

MSG_ID: 435 	MSG_TYPE: S 	MSG_NAME: Slave_12_Temperature_ID_1
	SIG_NAME: temperature_value_133, STATUS: Invalid Max or Min value., ACTION: Value Set to default
	SIG_NAME: temperature_value_134, STATUS: Invalid Max or Min value., ACTION: Value Set to default
	SIG_NAME: temperature_value_135, STATUS: Invalid Max or Min value., ACTION: Value Set to default
	SIG_NAME: temperature_value_136, STATUS: Invalid Max or Min value., ACTION: Value Set to default

MSG_ID: 436 	MSG_TYPE: S 	MSG_NAME: Slave_12_Temperature_ID_2
	SIG_NAME: temperature_value_137, STATUS: Invalid Max or Min value., ACTION: Value Set to default
	SIG_NAME: temperature_value_138, STATUS: Invalid Max or Min value., ACTION: Value Set to default
	SIG_NAME: temperature_value_139, STATUS: Invalid Max or Min value., ACTION: Value Set to default
	SIG_NAME: temperature_value_140, STATUS: Invalid Max or Min value., ACTION: Value Set to default

MSG_ID: 437 	MSG_TYPE: S 	MSG_NAME: Slave_12_Temperature_ID_3
	SIG_NAME: temperature_value_141, STATUS: Invalid Max or Min value., ACTION: Value Set to default
	SIG_NAME: temperature_value_142, STATUS: Invalid Max or Min value., ACTION: Value Set to default
	SIG_NAME: temperature_value_143, STATUS: Invalid Max or Min value., ACTION: Value Set to default
	SIG_NAME: temperature_value_144, STATUS: Invalid Max or Min value., ACTION: Value Set to default

MSG_ID: 438 	MSG_TYPE: S 	MSG_NAME: Slave_12_MSC_ID_1
	SIG_NAME: module_voltage_sum, STATUS: Invalid Max or Min value., ACTION: Value Set to default
	SIG_NAME: module_voltage_avg, STATUS: Invalid Max or Min value., ACTION: Value Set to default
	SIG_NAME: module_voltage_min, STATUS: Invalid Max or Min value., ACTION: Value Set to default
	SIG_NAME: module_voltage_max, STATUS: Invalid Max or Min value., ACTION: Value Set to default

MSG_ID: 439 	MSG_TYPE: S 	MSG_NAME: Slave_12_MSC_ID_2
	SIG_NAME: module_voltage_delta, STATUS: Invalid Max or Min value., ACTION: Value Set to default
	SIG_NAME: module_ic_voltage, STATUS: Invalid Max or Min value., ACTION: Value Set to default
	SIG_NAME: module_open_wire, STATUS: Invalid Max or Min value., ACTION: Value Set to default
	SIG_NAME: module_ic_temperature, STATUS: Invalid Max or Min value., ACTION: Value Set to default

MSG_ID: 131 	MSG_TYPE: S 	MSG_NAME: Start_PreCharge
	SIG_NAME: Precharge_Request, STATUS: Invalid Max or Min value., ACTION: Value Set to default
